This is XeTeX, Version 3.14159265-2.6-0.999991 (MiKTeX 2.9.7140 64-bit) (preloaded format=xelatex 2019.12.8)  1 JUN 2020 08:44
entering extended mode
**"./Process Analysis.tex"
("Process Analysis.tex"
LaTeX2e <2018-12-01>
("D:\Program Files\MiKTeX 2.9\tex/latex/base\fix-cm.sty"
Package: fix-cm 2015/01/14 v1.1t fixes to LaTeX

("D:\Program Files\MiKTeX 2.9\tex/latex/base\ts1enc.def"
File: ts1enc.def 2001/06/05 v3.0e (jk/car/fm) Standard LaTeX file
))
("D:\Program Files\MiKTeX 2.9\tex/latex/base\book.cls"
Document Class: book 2018/09/03 v1.4i Standard LaTeX document class
("D:\Program Files\MiKTeX 2.9\tex/latex/base\bk12.clo"
File: bk12.clo 2018/09/03 v1.4i Standard LaTeX file (size option)
)
\c@part=\count80
\c@chapter=\count81
\c@section=\count82
\c@subsection=\count83
\c@subsubsection=\count84
\c@paragraph=\count85
\c@subparagraph=\count86
\c@figure=\count87
\c@table=\count88
\abovecaptionskip=\skip41
\belowcaptionskip=\skip42
\bibindent=\dimen102
)
("D:\Program Files\MiKTeX 2.9\tex/latex/base\inputenc.sty"
Package: inputenc 2018/08/11 v1.3c Input encoding file
\inpenc@prehook=\toks14
\inpenc@posthook=\toks15


Package inputenc Warning: inputenc package ignored with utf8 based engines.

) ("D:\Program Files\MiKTeX 2.9\tex/latex/preprint\authblk.sty"
Package: authblk 2001/02/27 1.3 (PWD)
\affilsep=\skip43
\@affilsep=\skip44
\c@Maxaffil=\count89
\c@authors=\count90
\c@affil=\count91
)
("D:\Program Files\MiKTeX 2.9\tex/latex/setspace\setspace.sty"
Package: setspace 2011/12/19 v6.7a set line spacing
)
("D:\Program Files\MiKTeX 2.9\tex/latex/amsmath\amsmath.sty"
Package: amsmath 2018/12/01 v2.17b AMS math features
\@mathmargin=\skip45

For additional information on amsmath, use the `?' option.
("D:\Program Files\MiKTeX 2.9\tex/latex/amsmath\amstext.sty"
Package: amstext 2000/06/29 v2.01 AMS text

("D:\Program Files\MiKTeX 2.9\tex/latex/amsmath\amsgen.sty"
File: amsgen.sty 1999/11/30 v2.0 generic functions
\@emptytoks=\toks16
\ex@=\dimen103
))
("D:\Program Files\MiKTeX 2.9\tex/latex/amsmath\amsbsy.sty"
Package: amsbsy 1999/11/29 v1.2d Bold Symbols
\pmbraise@=\dimen104
)
("D:\Program Files\MiKTeX 2.9\tex/latex/amsmath\amsopn.sty"
Package: amsopn 2016/03/08 v2.02 operator names
)
\inf@bad=\count92
LaTeX Info: Redefining \frac on input line 223.
\uproot@=\count93
\leftroot@=\count94
LaTeX Info: Redefining \overline on input line 385.
\classnum@=\count95
\DOTSCASE@=\count96
LaTeX Info: Redefining \ldots on input line 482.
LaTeX Info: Redefining \dots on input line 485.
LaTeX Info: Redefining \cdots on input line 606.
\Mathstrutbox@=\box27
\strutbox@=\box28
\big@size=\dimen105
LaTeX Font Info:    Redeclaring font encoding OML on input line 729.
LaTeX Font Info:    Redeclaring font encoding OMS on input line 730.
\macc@depth=\count97
\c@MaxMatrixCols=\count98
\dotsspace@=\muskip10
\c@parentequation=\count99
\dspbrk@lvl=\count100
\tag@help=\toks17
\row@=\count101
\column@=\count102
\maxfields@=\count103
\andhelp@=\toks18
\eqnshift@=\dimen106
\alignsep@=\dimen107
\tagshift@=\dimen108
\tagwidth@=\dimen109
\totwidth@=\dimen110
\lineht@=\dimen111
\@envbody=\toks19
\multlinegap=\skip46
\multlinetaggap=\skip47
\mathdisplay@stack=\toks20
LaTeX Info: Redefining \[ on input line 2844.
LaTeX Info: Redefining \] on input line 2845.
)
("D:\Program Files\MiKTeX 2.9\tex/latex/base\textcomp.sty"
Package: textcomp 2018/08/11 v2.0j Standard LaTeX package
Package textcomp Info: Sub-encoding information:
(textcomp)               5 = only ISO-Adobe without \textcurrency
(textcomp)               4 = 5 + \texteuro
(textcomp)               3 = 4 + \textohm
(textcomp)               2 = 3 + \textestimated + \textcurrency
(textcomp)               1 = TS1 - \textcircled - \t
(textcomp)               0 = TS1 (full)
(textcomp)             Font families with sub-encoding setting implement
(textcomp)             only a restricted character set as indicated.
(textcomp)             Family '?' is the default used for unknown fonts.
(textcomp)             See the documentation for details.
Package textcomp Info: Setting ? sub-encoding to TS1/1 on input line 79.

("D:\Program Files\MiKTeX 2.9\tex/latex/base\ts1enc.def"
File: ts1enc.def 2001/06/05 v3.0e (jk/car/fm) Standard LaTeX file
LaTeX Font Info:    Redeclaring font encoding TS1 on input line 47.
)
LaTeX Info: Redefining \oldstylenums on input line 334.
Package textcomp Info: Setting cmr sub-encoding to TS1/0 on input line 349.
Package textcomp Info: Setting cmss sub-encoding to TS1/0 on input line 350.
Package textcomp Info: Setting cmtt sub-encoding to TS1/0 on input line 351.
Package textcomp Info: Setting cmvtt sub-encoding to TS1/0 on input line 352.
Package textcomp Info: Setting cmbr sub-encoding to TS1/0 on input line 353.
Package textcomp Info: Setting cmtl sub-encoding to TS1/0 on input line 354.
Package textcomp Info: Setting ccr sub-encoding to TS1/0 on input line 355.
Package textcomp Info: Setting ptm sub-encoding to TS1/4 on input line 356.
Package textcomp Info: Setting pcr sub-encoding to TS1/4 on input line 357.
Package textcomp Info: Setting phv sub-encoding to TS1/4 on input line 358.
Package textcomp Info: Setting ppl sub-encoding to TS1/3 on input line 359.
Package textcomp Info: Setting pag sub-encoding to TS1/4 on input line 360.
Package textcomp Info: Setting pbk sub-encoding to TS1/4 on input line 361.
Package textcomp Info: Setting pnc sub-encoding to TS1/4 on input line 362.
Package textcomp Info: Setting pzc sub-encoding to TS1/4 on input line 363.
Package textcomp Info: Setting bch sub-encoding to TS1/4 on input line 364.
Package textcomp Info: Setting put sub-encoding to TS1/5 on input line 365.
Package textcomp Info: Setting uag sub-encoding to TS1/5 on input line 366.
Package textcomp Info: Setting ugq sub-encoding to TS1/5 on input line 367.
Package textcomp Info: Setting ul8 sub-encoding to TS1/4 on input line 368.
Package textcomp Info: Setting ul9 sub-encoding to TS1/4 on input line 369.
Package textcomp Info: Setting augie sub-encoding to TS1/5 on input line 370.
Package textcomp Info: Setting dayrom sub-encoding to TS1/3 on input line 371.
Package textcomp Info: Setting dayroms sub-encoding to TS1/3 on input line 372.

Package textcomp Info: Setting pxr sub-encoding to TS1/0 on input line 373.
Package textcomp Info: Setting pxss sub-encoding to TS1/0 on input line 374.
Package textcomp Info: Setting pxtt sub-encoding to TS1/0 on input line 375.
Package textcomp Info: Setting txr sub-encoding to TS1/0 on input line 376.
Package textcomp Info: Setting txss sub-encoding to TS1/0 on input line 377.
Package textcomp Info: Setting txtt sub-encoding to TS1/0 on input line 378.
Package textcomp Info: Setting lmr sub-encoding to TS1/0 on input line 379.
Package textcomp Info: Setting lmdh sub-encoding to TS1/0 on input line 380.
Package textcomp Info: Setting lmss sub-encoding to TS1/0 on input line 381.
Package textcomp Info: Setting lmssq sub-encoding to TS1/0 on input line 382.
Package textcomp Info: Setting lmvtt sub-encoding to TS1/0 on input line 383.
Package textcomp Info: Setting lmtt sub-encoding to TS1/0 on input line 384.
Package textcomp Info: Setting qhv sub-encoding to TS1/0 on input line 385.
Package textcomp Info: Setting qag sub-encoding to TS1/0 on input line 386.
Package textcomp Info: Setting qbk sub-encoding to TS1/0 on input line 387.
Package textcomp Info: Setting qcr sub-encoding to TS1/0 on input line 388.
Package textcomp Info: Setting qcs sub-encoding to TS1/0 on input line 389.
Package textcomp Info: Setting qpl sub-encoding to TS1/0 on input line 390.
Package textcomp Info: Setting qtm sub-encoding to TS1/0 on input line 391.
Package textcomp Info: Setting qzc sub-encoding to TS1/0 on input line 392.
Package textcomp Info: Setting qhvc sub-encoding to TS1/0 on input line 393.
Package textcomp Info: Setting futs sub-encoding to TS1/4 on input line 394.
Package textcomp Info: Setting futx sub-encoding to TS1/4 on input line 395.
Package textcomp Info: Setting futj sub-encoding to TS1/4 on input line 396.
Package textcomp Info: Setting hlh sub-encoding to TS1/3 on input line 397.
Package textcomp Info: Setting hls sub-encoding to TS1/3 on input line 398.
Package textcomp Info: Setting hlst sub-encoding to TS1/3 on input line 399.
Package textcomp Info: Setting hlct sub-encoding to TS1/5 on input line 400.
Package textcomp Info: Setting hlx sub-encoding to TS1/5 on input line 401.
Package textcomp Info: Setting hlce sub-encoding to TS1/5 on input line 402.
Package textcomp Info: Setting hlcn sub-encoding to TS1/5 on input line 403.
Package textcomp Info: Setting hlcw sub-encoding to TS1/5 on input line 404.
Package textcomp Info: Setting hlcf sub-encoding to TS1/5 on input line 405.
Package textcomp Info: Setting pplx sub-encoding to TS1/3 on input line 406.
Package textcomp Info: Setting pplj sub-encoding to TS1/3 on input line 407.
Package textcomp Info: Setting ptmx sub-encoding to TS1/4 on input line 408.
Package textcomp Info: Setting ptmj sub-encoding to TS1/4 on input line 409.
)
("D:\Program Files\MiKTeX 2.9\tex/latex/amsfonts\amssymb.sty"
Package: amssymb 2013/01/14 v3.01 AMS font symbols

("D:\Program Files\MiKTeX 2.9\tex/latex/amsfonts\amsfonts.sty"
Package: amsfonts 2013/01/14 v3.01 Basic AMSFonts support
\symAMSa=\mathgroup4
\symAMSb=\mathgroup5
LaTeX Font Info:    Overwriting math alphabet `\mathfrak' in version `bold'
(Font)                  U/euf/m/n --> U/euf/b/n on input line 106.
))
("D:\Program Files\MiKTeX 2.9\tex/latex/geometry\geometry.sty"
Package: geometry 2018/04/16 v5.8 Page Geometry

("D:\Program Files\MiKTeX 2.9\tex/latex/graphics\keyval.sty"
Package: keyval 2014/10/28 v1.15 key=value parser (DPC)
\KV@toks@=\toks21
)
("D:\Program Files\MiKTeX 2.9\tex/generic/oberdiek\ifpdf.sty"
Package: ifpdf 2018/09/07 v3.3 Provides the ifpdf switch
)
("D:\Program Files\MiKTeX 2.9\tex/generic/oberdiek\ifvtex.sty"
Package: ifvtex 2016/05/16 v1.6 Detect VTeX and its facilities (HO)
Package ifvtex Info: VTeX not detected.
)
("D:\Program Files\MiKTeX 2.9\tex/generic/ifxetex\ifxetex.sty"
Package: ifxetex 2010/09/12 v0.6 Provides ifxetex conditional
)
\Gm@cnth=\count104
\Gm@cntv=\count105
\c@Gm@tempcnt=\count106
\Gm@bindingoffset=\dimen112
\Gm@wd@mp=\dimen113
\Gm@odd@mp=\dimen114
\Gm@even@mp=\dimen115
\Gm@layoutwidth=\dimen116
\Gm@layoutheight=\dimen117
\Gm@layouthoffset=\dimen118
\Gm@layoutvoffset=\dimen119
\Gm@dimlist=\toks22

("D:\Program Files\MiKTeX 2.9\tex/xelatex/xetexconfig\geometry.cfg"))
("D:\Program Files\MiKTeX 2.9\tex/latex/fontspec\fontspec.sty"
("D:\Program Files\MiKTeX 2.9\tex/latex/l3packages/xparse\xparse.sty"
("D:\Program Files\MiKTeX 2.9\tex/latex/l3kernel\expl3.sty"
Package: expl3 2019-09-08 L3 programming layer (loader) 

("D:\Program Files\MiKTeX 2.9\tex/latex/l3kernel\expl3-code.tex"
Package: expl3 2019-09-08 L3 programming layer (code)
\c_max_int=\count107
\l_tmpa_int=\count108
\l_tmpb_int=\count109
\g_tmpa_int=\count110
\g_tmpb_int=\count111
\g__kernel_prg_map_int=\count112
\c__ior_term_noprompt_ior=\count113
\c_log_iow=\count114
\l_iow_line_count_int=\count115
\l__iow_line_target_int=\count116
\l__iow_one_indent_int=\count117
\l__iow_indent_int=\count118
\c_zero_dim=\dimen120
\c_max_dim=\dimen121
\l_tmpa_dim=\dimen122
\l_tmpb_dim=\dimen123
\g_tmpa_dim=\dimen124
\g_tmpb_dim=\dimen125
\c_zero_skip=\skip48
\c_max_skip=\skip49
\l_tmpa_skip=\skip50
\l_tmpb_skip=\skip51
\g_tmpa_skip=\skip52
\g_tmpb_skip=\skip53
\c_zero_muskip=\muskip11
\c_max_muskip=\muskip12
\l_tmpa_muskip=\muskip13
\l_tmpb_muskip=\muskip14
\g_tmpa_muskip=\muskip15
\g_tmpb_muskip=\muskip16
\l_keys_choice_int=\count119
\l__intarray_loop_int=\count120
\c__intarray_sp_dim=\dimen126
\g__intarray_font_int=\count121
\c__fp_leading_shift_int=\count122
\c__fp_middle_shift_int=\count123
\c__fp_trailing_shift_int=\count124
\c__fp_big_leading_shift_int=\count125
\c__fp_big_middle_shift_int=\count126
\c__fp_big_trailing_shift_int=\count127
\c__fp_Bigg_leading_shift_int=\count128
\c__fp_Bigg_middle_shift_int=\count129
\c__fp_Bigg_trailing_shift_int=\count130
\g__fp_array_int=\count131
\l__fp_array_loop_int=\count132
\l__sort_length_int=\count133
\l__sort_min_int=\count134
\l__sort_top_int=\count135
\l__sort_max_int=\count136
\l__sort_true_max_int=\count137
\l__sort_block_int=\count138
\l__sort_begin_int=\count139
\l__sort_end_int=\count140
\l__sort_A_int=\count141
\l__sort_B_int=\count142
\l__sort_C_int=\count143
\l__str_internal_int=\count144
\l__tl_analysis_normal_int=\count145
\l__tl_analysis_index_int=\count146
\l__tl_analysis_nesting_int=\count147
\l__tl_analysis_type_int=\count148
\l__regex_internal_a_int=\count149
\l__regex_internal_b_int=\count150
\l__regex_internal_c_int=\count151
\l__regex_balance_int=\count152
\l__regex_group_level_int=\count153
\l__regex_mode_int=\count154
\c__regex_cs_in_class_mode_int=\count155
\c__regex_cs_mode_int=\count156
\l__regex_catcodes_int=\count157
\l__regex_default_catcodes_int=\count158
\c__regex_catcode_L_int=\count159
\c__regex_catcode_O_int=\count160
\c__regex_catcode_A_int=\count161
\c__regex_all_catcodes_int=\count162
\l__regex_show_lines_int=\count163
\l__regex_min_state_int=\count164
\l__regex_max_state_int=\count165
\l__regex_left_state_int=\count166
\l__regex_right_state_int=\count167
\l__regex_capturing_group_int=\count168
\l__regex_min_pos_int=\count169
\l__regex_max_pos_int=\count170
\l__regex_curr_pos_int=\count171
\l__regex_start_pos_int=\count172
\l__regex_success_pos_int=\count173
\l__regex_curr_char_int=\count174
\l__regex_curr_catcode_int=\count175
\l__regex_last_char_int=\count176
\l__regex_case_changed_char_int=\count177
\l__regex_curr_state_int=\count178
\l__regex_step_int=\count179
\l__regex_min_active_int=\count180
\l__regex_max_active_int=\count181
\l__regex_replacement_csnames_int=\count182
\l__regex_match_count_int=\count183
\l__regex_min_submatch_int=\count184
\l__regex_submatch_int=\count185
\l__regex_zeroth_submatch_int=\count186
\g__regex_trace_regex_int=\count187
\c_empty_box=\box29
\l_tmpa_box=\box30
\l_tmpb_box=\box31
\g_tmpa_box=\box32
\g_tmpb_box=\box33
\l__box_top_dim=\dimen127
\l__box_bottom_dim=\dimen128
\l__box_left_dim=\dimen129
\l__box_right_dim=\dimen130
\l__box_top_new_dim=\dimen131
\l__box_bottom_new_dim=\dimen132
\l__box_left_new_dim=\dimen133
\l__box_right_new_dim=\dimen134
\l__box_internal_box=\box34
\l__coffin_internal_box=\box35
\l__coffin_internal_dim=\dimen135
\l__coffin_offset_x_dim=\dimen136
\l__coffin_offset_y_dim=\dimen137
\l__coffin_x_dim=\dimen138
\l__coffin_y_dim=\dimen139
\l__coffin_x_prime_dim=\dimen140
\l__coffin_y_prime_dim=\dimen141
\c_empty_coffin=\box36
\l__coffin_aligned_coffin=\box37
\l__coffin_aligned_internal_coffin=\box38
\l_tmpa_coffin=\box39
\l_tmpb_coffin=\box40
\g_tmpa_coffin=\box41
\g_tmpb_coffin=\box42
\l__coffin_bounding_shift_dim=\dimen142
\l__coffin_left_corner_dim=\dimen143
\l__coffin_right_corner_dim=\dimen144
\l__coffin_bottom_corner_dim=\dimen145
\l__coffin_top_corner_dim=\dimen146
\l__coffin_scaled_total_height_dim=\dimen147
\l__coffin_scaled_width_dim=\dimen148
\c__coffin_empty_coffin=\box43
\l__coffin_display_coffin=\box44
\l__coffin_display_coord_coffin=\box45
\l__coffin_display_pole_coffin=\box46
\l__coffin_display_offset_dim=\dimen149
\l__coffin_display_x_dim=\dimen150
\l__coffin_display_y_dim=\dimen151
\g__char_data_ior=\read1
\l__seq_internal_a_int=\count188
\l__seq_internal_b_int=\count189
)
("D:\Program Files\MiKTeX 2.9\tex/latex/l3backend\l3backend-xdvipdfmx.def"
File: l3backend-xdvipdfmx.def 2019-04-06 v L3 backend support: xdvipdfmx
\g__graphics_track_int=\count190
\l__pdf_internal_box=\box47
\g__pdf_backend_object_int=\count191
\g__pdf_backend_annotation_int=\count192
))
Package: xparse 2020-01-12 L3 Experimental document command parser
\l__xparse_current_arg_int=\count193
\g__xparse_grabber_int=\count194
\l__xparse_m_args_int=\count195
\l__xparse_v_nesting_int=\count196
)
Package: fontspec 2019/03/15 v2.7c Font selection for XeLaTeX and LuaLaTeX

("D:\Program Files\MiKTeX 2.9\tex/latex/fontspec\fontspec-xetex.sty"
Package: fontspec-xetex 2019/03/15 v2.7c Font selection for XeLaTeX and LuaLaTe
X
\l__fontspec_script_int=\count197
\l__fontspec_language_int=\count198
\l__fontspec_strnum_int=\count199
\l__fontspec_tmp_int=\count266
\l__fontspec_tmpa_int=\count267
\l__fontspec_tmpb_int=\count268
\l__fontspec_tmpc_int=\count269
\l__fontspec_em_int=\count270
\l__fontspec_emdef_int=\count271
\l__fontspec_strong_int=\count272
\l__fontspec_strongdef_int=\count273
\l__fontspec_tmpa_dim=\dimen152
\l__fontspec_tmpb_dim=\dimen153
\l__fontspec_tmpc_dim=\dimen154

("D:\Program Files\MiKTeX 2.9\tex/latex/base\fontenc.sty"
Package: fontenc 2018/08/11 v2.0j Standard LaTeX package

("D:\Program Files\MiKTeX 2.9\tex/latex/base\tuenc.def"
File: tuenc.def 2018/08/11 v2.0j Standard LaTeX file
LaTeX Font Info:    Redeclaring font encoding TU on input line 82.
))
("D:\Program Files\MiKTeX 2.9\tex/latex/fontspec\fontspec.cfg")
LaTeX Info: Redefining \itshape on input line 4051.
LaTeX Info: Redefining \slshape on input line 4056.
LaTeX Info: Redefining \scshape on input line 4061.
LaTeX Info: Redefining \upshape on input line 4066.
LaTeX Info: Redefining \em on input line 4096.
LaTeX Info: Redefining \emph on input line 4121.
))

Package fontspec Info: SantakkuM scale = 0.4871609990404308.


Package fontspec Info: SantakkuM scale = 0.4871609990404308.


Package fontspec Info: Font family 'SantakkuM(0)' created for font 'SantakkuM'
(fontspec)             with options
(fontspec)             [BoldFont={},ItalicFont={},SmallCapsFont={},Scale=MatchU
ppercase].
(fontspec)              
(fontspec)              This font family consists of the following NFSS
(fontspec)             series/shapes:
(fontspec)              
(fontspec)             - 'normal' (m/n) with NFSS spec.:
(fontspec)             <->s*[0.4871609990404308]"SantakkuM/OT"
(fontspec)             - 'small caps'  (m/sc) with NFSS spec.: 


("Process Analysis.aux")
\openout1 = `"Process Analysis.aux"'.

LaTeX Font Info:    Checking defaults for OML/cmm/m/it on input line 30.
LaTeX Font Info:    ... okay on input line 30.
LaTeX Font Info:    Checking defaults for T1/cmr/m/n on input line 30.
LaTeX Font Info:    ... okay on input line 30.
LaTeX Font Info:    Checking defaults for OT1/cmr/m/n on input line 30.
LaTeX Font Info:    ... okay on input line 30.
LaTeX Font Info:    Checking defaults for OMS/cmsy/m/n on input line 30.
LaTeX Font Info:    ... okay on input line 30.
LaTeX Font Info:    Checking defaults for TU/lmr/m/n on input line 30.
LaTeX Font Info:    ... okay on input line 30.
LaTeX Font Info:    Checking defaults for OMX/cmex/m/n on input line 30.
LaTeX Font Info:    ... okay on input line 30.
LaTeX Font Info:    Checking defaults for U/cmr/m/n on input line 30.
LaTeX Font Info:    ... okay on input line 30.
LaTeX Font Info:    Checking defaults for TS1/cmr/m/n on input line 30.
LaTeX Font Info:    ... okay on input line 30.

*geometry* detected driver: pdftex
*geometry* verbose mode - [ preamble ] result:
* driver: pdftex
* paper: a4paper
* layout: <same size as paper>
* layoutoffset:(h,v)=(0.0pt,0.0pt)
* modes: twoside 
* h-part:(L,W,R)=(56.9055pt, 483.69684pt, 56.90553pt)
* v-part:(T,H,B)=(56.9055pt, 731.23582pt, 56.90552pt)
* \paperwidth=597.50787pt
* \paperheight=845.04684pt
* \textwidth=483.69684pt
* \textheight=731.23582pt
* \oddsidemargin=-15.36449pt
* \evensidemargin=-15.36446pt
* \topmargin=-47.23828pt
* \headheight=12.0pt
* \headsep=19.8738pt
* \topskip=12.0pt
* \footskip=30.0pt
* \marginparwidth=88.0pt
* \marginparsep=7.0pt
* \columnsep=10.0pt
* \skip\footins=10.8pt plus 4.0pt minus 2.0pt
* \hoffset=0.0pt
* \voffset=0.0pt
* \mag=1000
* \@twocolumnfalse
* \@twosidetrue
* \@mparswitchtrue
* \@reversemarginfalse
* (1in=72.27pt=25.4mm, 1cm=28.453pt)


Package fontspec Info: Adjusting the maths setup (use [no-math] to avoid
(fontspec)             this).

\symlegacymaths=\mathgroup6
LaTeX Font Info:    Overwriting symbol font `legacymaths' in version `bold'
(Font)                  OT1/cmr/m/n --> OT1/cmr/bx/n on input line 30.
LaTeX Font Info:    Redeclaring math accent \acute on input line 30.
LaTeX Font Info:    Redeclaring math accent \grave on input line 30.
LaTeX Font Info:    Redeclaring math accent \ddot on input line 30.
LaTeX Font Info:    Redeclaring math accent \tilde on input line 30.
LaTeX Font Info:    Redeclaring math accent \bar on input line 30.
LaTeX Font Info:    Redeclaring math accent \breve on input line 30.
LaTeX Font Info:    Redeclaring math accent \check on input line 30.
LaTeX Font Info:    Redeclaring math accent \hat on input line 30.
LaTeX Font Info:    Redeclaring math accent \dot on input line 30.
LaTeX Font Info:    Redeclaring math accent \mathring on input line 30.
LaTeX Font Info:    Redeclaring math symbol \Gamma on input line 30.
LaTeX Font Info:    Redeclaring math symbol \Delta on input line 30.
LaTeX Font Info:    Redeclaring math symbol \Theta on input line 30.
LaTeX Font Info:    Redeclaring math symbol \Lambda on input line 30.
LaTeX Font Info:    Redeclaring math symbol \Xi on input line 30.
LaTeX Font Info:    Redeclaring math symbol \Pi on input line 30.
LaTeX Font Info:    Redeclaring math symbol \Sigma on input line 30.
LaTeX Font Info:    Redeclaring math symbol \Upsilon on input line 30.
LaTeX Font Info:    Redeclaring math symbol \Phi on input line 30.
LaTeX Font Info:    Redeclaring math symbol \Psi on input line 30.
LaTeX Font Info:    Redeclaring math symbol \Omega on input line 30.
LaTeX Font Info:    Redeclaring math symbol \mathdollar on input line 30.
LaTeX Font Info:    Redeclaring symbol font `operators' on input line 30.
LaTeX Font Info:    Encoding `OT1' has changed to `TU' for symbol font
(Font)              `operators' in the math version `normal' on input line 30.
LaTeX Font Info:    Overwriting symbol font `operators' in version `normal'
(Font)                  OT1/cmr/m/n --> TU/lmr/m/n on input line 30.
LaTeX Font Info:    Encoding `OT1' has changed to `TU' for symbol font
(Font)              `operators' in the math version `bold' on input line 30.
LaTeX Font Info:    Overwriting symbol font `operators' in version `bold'
(Font)                  OT1/cmr/bx/n --> TU/lmr/m/n on input line 30.
LaTeX Font Info:    Overwriting symbol font `operators' in version `normal'
(Font)                  TU/lmr/m/n --> TU/lmr/m/n on input line 30.
LaTeX Font Info:    Overwriting math alphabet `\mathit' in version `normal'
(Font)                  OT1/cmr/m/it --> TU/lmr/m/it on input line 30.
LaTeX Font Info:    Overwriting math alphabet `\mathbf' in version `normal'
(Font)                  OT1/cmr/bx/n --> TU/lmr/bx/n on input line 30.
LaTeX Font Info:    Overwriting math alphabet `\mathsf' in version `normal'
(Font)                  OT1/cmss/m/n --> TU/lmss/m/n on input line 30.
LaTeX Font Info:    Overwriting math alphabet `\mathtt' in version `normal'
(Font)                  OT1/cmtt/m/n --> TU/lmtt/m/n on input line 30.
LaTeX Font Info:    Overwriting symbol font `operators' in version `bold'
(Font)                  TU/lmr/m/n --> TU/lmr/bx/n on input line 30.
LaTeX Font Info:    Overwriting math alphabet `\mathit' in version `bold'
(Font)                  OT1/cmr/bx/it --> TU/lmr/bx/it on input line 30.
LaTeX Font Info:    Overwriting math alphabet `\mathsf' in version `bold'
(Font)                  OT1/cmss/bx/n --> TU/lmss/bx/n on input line 30.
LaTeX Font Info:    Overwriting math alphabet `\mathtt' in version `bold'
(Font)                  OT1/cmtt/m/n --> TU/lmtt/bx/n on input line 30.
[1


]
LaTeX Font Info:    Font shape `TU/SantakkuM(0)/m/n' will be
(Font)              scaled to size 5.84601pt on input line 70.
LaTeX Font Info:    Try loading font information for U+msa on input line 70.
 ("D:\Program Files\MiKTeX 2.9\tex/latex/amsfonts\umsa.fd"
File: umsa.fd 2013/01/14 v3.01 AMS symbols A
)
LaTeX Font Info:    Try loading font information for U+msb on input line 70.

("D:\Program Files\MiKTeX 2.9\tex/latex/amsfonts\umsb.fd"
File: umsb.fd 2013/01/14 v3.01 AMS symbols B
)
LaTeX Font Info:    Font shape `TU/SantakkuM(0)/m/n' will be
(Font)              scaled to size 14.61502pt on input line 70.
LaTeX Font Info:    Font shape `TU/SantakkuM(0)/m/n' will be
(Font)              scaled to size 7.30751pt on input line 70.
Missing character: There is no - in font SantakkuM/OT!

Underfull \vbox (badness 10000) has occurred while \output is active []

 [2]
Underfull \vbox (badness 10000) has occurred while \output is active []

 [3]
Underfull \vbox (badness 10000) has occurred while \output is active []

 [4]
Underfull \vbox (badness 10000) has occurred while \output is active []

 [5]
[6]
Underfull \vbox (badness 10000) has occurred while \output is active []

 [7]
Underfull \vbox (badness 10000) has occurred while \output is active []

 [8]
Underfull \vbox (badness 10000) has occurred while \output is active []

 [9]
Underfull \vbox (badness 10000) has occurred while \output is active []

 [10]
[11] ("Process Analysis.aux") ) 
Here is how much of TeX's memory you used:
 14456 strings out of 427669
 309619 string characters out of 3149215
 413974 words of memory out of 3000000
 18466 multiletter control sequences out of 15000+200000
 537087 words of font info for 55 fonts, out of 3000000 for 9000
 1348 hyphenation exceptions out of 8191
 44i,5n,115p,1069b,429s stack positions out of 5000i,500n,10000p,200000b,50000s

Output written on Process Analysis.pdf (11 pages).
